#
# A fatal error has been detected by the Java Runtime Environment:
#
#  SIGFPE (0x8) at pc=0x00000001177a2308, pid=83045, tid=7427
#
# JRE version: OpenJDK Runtime Environment (15.0.2+7) (build 15.0.2+7-27)
# Java VM: OpenJDK 64-Bit Server VM (15.0.2+7-27, mixed mode, sharing, tiered, compressed oops, g1 gc, bsd-amd64)
# Problematic frame:
# j  Lab4.Q1.main([Ljava/lang/String;)V+29
#
# No core dump will be written. Core dumps have been disabled. To enable core dumping, try "ulimit -c unlimited" before starting Java again
#
# If you would like to submit a bug report, please visit:
#   https://bugreport.java.com/bugreport/crash.jsp
#

---------------  S U M M A R Y ------------

Command Line: -Dfile.encoding=UTF-8 --module-path=/Users/chiew256/NetBeansProjects/WIX1002Lab/build/classes Lab4.Q1

Host: MacBookAir10,1 x86_64 2400 MHz, 8 cores, 16G, Darwin 20.3.0
Time: Wed Nov 24 21:34:00 2021 +08 elapsed time: 1.499954 seconds (0d 0h 0m 1s)

---------------  T H R E A D  ---------------

Current thread (0x00007ff2fa008800):  JavaThread "main" [_thread_in_Java, id=7427, stack(0x0000000304dd8000,0x0000000304ed8000)]

Stack: [0x0000000304dd8000,0x0000000304ed8000],  sp=0x0000000304ed7ac8,  free space=1022k
Native frames: (J=compiled Java code, A=aot compiled Java code, j=interpreted, Vv=VM code, C=native code)
j  Lab4.Q1.main([Ljava/lang/String;)V+29
v  ~StubRoutines::call_stub
V  [libjvm.dylib+0x4ae582]  JavaCalls::call_helper(JavaValue*, methodHandle const&, JavaCallArguments*, Thread*)+0x2e2
V  [libjvm.dylib+0x50f169]  jni_invoke_static(JNIEnv_*, JavaValue*, _jobject*, JNICallType, _jmethodID*, JNI_ArgumentPusher*, Thread*)+0x1f9
V  [libjvm.dylib+0x51290e]  jni_CallStaticVoidMethod+0x19e
C  [libjli.dylib+0x4f3d]  JavaMain+0xc1d
C  [libjli.dylib+0x7659]  ThreadJavaMain+0x9
C  [libsystem_pthread.dylib+0x6950]  _pthread_start+0xe0
C  [libsystem_pthread.dylib+0x247b]  thread_start+0xf


siginfo: si_signo: 8 (SIGFPE), si_code: 5 (FPE_FLTINV), si_addr: 0x00000001177a2308

Register to memory mapping:

RAX=0x0000000000000018 is an unknown value
RBX=0x0000000000000070 is an unknown value
RCX=0x0 is NULL
RDX=0x0 is NULL
RSP=0x0000000304ed7ac8 is pointing into the stack for thread: 0x00007ff2fa008800
RBP=0x0000000304ed7b10 is pointing into the stack for thread: 0x00007ff2fa008800
RSI=0x0000000304ed7a60 is pointing into the stack for thread: 0x00007ff2fa008800
RDI=0x0000000131fc2620 is pointing into metadata
R8 =0x0000000000000138 is an unknown value
R9 =0x000000070fe05c68 is an oop: java.io.FileDescriptor 
{0x000000070fe05c68} - klass: 'java/io/FileDescriptor'
R10=0x000000010dc4b9c0: _ZN19TemplateInterpreter13_active_tableE+0x2000 in /Users/chiew256/Library/Java/JavaVirtualMachines/openjdk-15.0.2/Contents/Home/lib/server/libjvm.dylib at 0x000000010d000000
R11=0x0000000117d5d900 is at entry_point+32 in (nmethod*)0x0000000117d5d710
R12=0x0 is NULL
R13=0x00000001323914f8 is pointing into metadata
R14=0x0000000304ed7b38 is pointing into the stack for thread: 0x00007ff2fa008800
R15=0x00007ff2fa008800 is a thread


Registers:
RAX=0x0000000000000018, RBX=0x0000000000000070, RCX=0x0000000000000000, RDX=0x0000000000000000
RSP=0x0000000304ed7ac8, RBP=0x0000000304ed7b10, RSI=0x0000000304ed7a60, RDI=0x0000000131fc2620
R8 =0x0000000000000138, R9 =0x000000070fe05c68, R10=0x000000010dc4b9c0, R11=0x0000000117d5d900
R12=0x0000000000000000, R13=0x00000001323914f8, R14=0x0000000304ed7b38, R15=0x00007ff2fa008800
RIP=0x00000001177a2308, EFLAGS=0x0000000000000a87, ERR=0x0000000000000000
  TRAPNO=0x0000000000000000

Top of Stack: (sp=0x0000000304ed7ac8)
0x0000000304ed7ac8:   0000000304ed7ac8 00000001323914dd
0x0000000304ed7ad8:   0000000304ed7b38 0000000132391600
0x0000000304ed7ae8:   0000000000000000 000000070ff1beb0
0x0000000304ed7af8:   0000000132391560 0000000000000000
0x0000000304ed7b08:   0000000304ed7b38 0000000304ed7ba0
0x0000000304ed7b18:   000000011778e947 0000000000000000
0x0000000304ed7b28:   0000000000000018 000000070ff2e9f8
0x0000000304ed7b38:   000000070ff1c240 4afb1dcc00001fa0
0x0000000304ed7b48:   00007ff2fa008800 0000000304ed7ce0
0x0000000304ed7b58:   0000000304ed7e90 0000000304ed7cc8
0x0000000304ed7b68:   0000000000000001 0000000304ed7bf8
0x0000000304ed7b78:   0000000304ed7e98 000000000000000a
0x0000000304ed7b88:   0000000132391560 000000011779bf40
0x0000000304ed7b98:   0000000304ed7ce8 0000000304ed7c80
0x0000000304ed7ba8:   000000010d4ae582 0000000000000001
0x0000000304ed7bb8:   00007ff2fa008800 00007ff2fa008800
0x0000000304ed7bc8:   00007ff2f9512870 00007ff2f9512cb0
0x0000000304ed7bd8:   00007ff2f9512cc0 00007ff2f9512d98
0x0000000304ed7be8:   00000000000000d8 00007ff2f95128b0
0x0000000304ed7bf8:   00007ff2fa008800 00007ff2f9513a40
0x0000000304ed7c08:   0000000132391560 0000000000000000
0x0000000304ed7c18:   0000000000000000 0000000000000000
0x0000000304ed7c28:   0000000000000000 0000000304ed7e90
0x0000000304ed7c38:   0000000200730e7d 000000011779bf40
0x0000000304ed7c48:   000000000000000f 0000000afa008800
0x0000000304ed7c58:   00007ff2fa008800 0000000000000008
0x0000000304ed7c68:   0000000304ed7e90 00007ff2f95127d0
0x0000000304ed7c78:   0000000304ed7ce0 0000000304ed7d90
0x0000000304ed7c88:   000000010d50f169 00007ff2f9512fd0
0x0000000304ed7c98:   00007ff2f9512fe0 00007ff2fa008800
0x0000000304ed7ca8:   0000000304ed7e50 00007ff2f95133b8
0x0000000304ed7cb8:   00000000000003d8 00007ff2fa008b28 

Instructions: (pc=0x00000001177a2308)
0x00000001177a2208:   98 be a7 0d 01 00 00 00 6e 00 00 00 00 00 00 00
0x00000001177a2218:   00 00 00 00 00 00 00 00 f3 0f 10 04 24 48 83 c4
0x00000001177a2228:   08 0f 28 c8 f3 0f 10 04 24 48 83 c4 08 f3 0f 5e
0x00000001177a2238:   c1 41 0f b6 5d 01 49 ff c5 49 ba c0 c9 c4 0d 01
0x00000001177a2248:   00 00 00 41 ff 24 da 90 00 00 00 00 00 00 00 00
0x00000001177a2258:   00 00 00 00 00 00 00 00 60 00 00 00 00 00 00 00
0x00000001177a2268:   9d be a7 0d 01 00 00 00 6f 00 00 00 00 00 00 00
0x00000001177a2278:   00 00 00 00 00 00 00 00 f2 0f 10 04 24 48 83 c4
0x00000001177a2288:   10 66 0f 28 c8 f2 0f 10 04 24 48 83 c4 10 f2 0f
0x00000001177a2298:   5e c1 41 0f b6 5d 01 49 ff c5 49 ba c0 d1 c4 0d
0x00000001177a22a8:   01 00 00 00 41 ff 24 da 00 00 00 00 00 00 00 00
0x00000001177a22b8:   00 00 00 00 00 00 00 00 80 00 00 00 00 00 00 00
0x00000001177a22c8:   a2 be a7 0d 01 00 00 00 70 00 00 00 00 00 00 00
0x00000001177a22d8:   00 00 00 00 00 00 00 00 8b 04 24 48 83 c4 08 8b
0x00000001177a22e8:   c8 8b 04 24 48 83 c4 08 81 f8 00 00 00 80 0f 85
0x00000001177a22f8:   0b 00 00 00 33 d2 83 f9 ff 0f 84 03 00 00 00 99
0x00000001177a2308:   f7 f9 8b c2 41 0f b6 5d 01 49 ff c5 49 ba c0 b9
0x00000001177a2318:   c4 0d 01 00 00 00 41 ff 24 da 66 0f 1f 44 00 00
0x00000001177a2328:   00 00 00 00 00 00 00 00 00 00 00 00 00 00 00 00
0x00000001177a2338:   00 00 00 00 00 00 00 00 80 00 00 00 00 00 00 00
0x00000001177a2348:   a7 be a7 0d 01 00 00 00 71 00 00 00 00 00 00 00
0x00000001177a2358:   00 00 00 00 00 00 00 00 48 8b 04 24 48 83 c4 10
0x00000001177a2368:   48 8b c8 48 8b 04 24 48 83 c4 10 48 85 c9 0f 84
0x00000001177a2378:   b3 98 ff ff 48 3b 05 cd 47 35 f6 0f 85 0c 00 00
0x00000001177a2388:   00 33 d2 48 83 f9 ff 0f 84 05 00 00 00 48 99 48
0x00000001177a2398:   f7 f9 48 8b c2 41 0f b6 5d 01 49 ff c5 49 ba c0
0x00000001177a23a8:   c1 c4 0d 01 00 00 00 41 ff 24 da 0f 1f 44 00 00
0x00000001177a23b8:   00 00 00 00 00 00 00 00 80 00 00 00 00 00 00 00
0x00000001177a23c8:   ac be a7 0d 01 00 00 00 72 00 00 00 00 00 00 00
0x00000001177a23d8:   00 00 00 00 00 00 00 00 f3 0f 10 04 24 48 83 c4
0x00000001177a23e8:   08 0f 28 c8 f3 0f 10 04 24 48 83 c4 08 f7 c4 0f
0x00000001177a23f8:   00 00 00 0f 84 12 00 00 00 48 83 ec 08 e8 c6 01 


Stack slot to memory mapping:
stack at sp + 0 slots: 0x0000000304ed7ac8 is pointing into the stack for thread: 0x00007ff2fa008800
stack at sp + 1 slots: 0x00000001323914dd is pointing into metadata
stack at sp + 2 slots: 0x0000000304ed7b38 is pointing into the stack for thread: 0x00007ff2fa008800
stack at sp + 3 slots: 0x0000000132391600 is pointing into metadata
stack at sp + 4 slots: 0x0 is NULL
stack at sp + 5 slots: 0x000000070ff1beb0 is an oop: java.lang.Class 
{0x000000070ff1beb0} - klass: 'java/lang/Class'
stack at sp + 6 slots: {method} {0x0000000132391560} 'main' '([Ljava/lang/String;)V' in 'Lab4/Q1'
stack at sp + 7 slots: 0x0 is NULL

irem  112 irem  [0x00000001177a22e0, 0x00000001177a2340]  96 bytes
[MachCode]
  0x00000001177a22e0: 8b04 2448 | 83c4 088b | c88b 0424 | 4883 c408 | 81f8 0000 | 0080 0f85 | 0b00 0000 | 33d2 83f9 
  0x00000001177a2300: ff0f 8403 | 0000 0099 | f7f9 8bc2 | 410f b65d | 0149 ffc5 | 49ba c0b9 | c40d 0100 | 0000 41ff 
  0x00000001177a2320: 24da 660f | 1f44 0000 | 0000 0000 | 0000 0000 | 0000 0000 | 0000 0000 | 0000 0000 | 0000 0000 
[/MachCode]

---------------  P R O C E S S  ---------------

Threads class SMR info:
_java_thread_list=0x00007ff2f9529ec0, length=10, elements={
0x00007ff2fa008800, 0x00007ff2fa014e00, 0x00007ff2fa014600, 0x00007ff2f9835a00,
0x00007ff2f983d600, 0x00007ff2f983dc00, 0x00007ff2f983e200, 0x00007ff2f983e800,
0x00007ff2fb0d3e00, 0x00007ff2fa016200
}

Java Threads: ( => current thread )
=>0x00007ff2fa008800 JavaThread "main" [_thread_in_Java, id=7427, stack(0x0000000304dd8000,0x0000000304ed8000)]
  0x00007ff2fa014e00 JavaThread "Reference Handler" daemon [_thread_blocked, id=17155, stack(0x00000003054ed000,0x00000003055ed000)]
  0x00007ff2fa014600 JavaThread "Finalizer" daemon [_thread_blocked, id=43011, stack(0x00000003055f0000,0x00000003056f0000)]
  0x00007ff2f9835a00 JavaThread "Signal Dispatcher" daemon [_thread_blocked, id=24579, stack(0x0000000305803000,0x0000000305903000)]
  0x00007ff2f983d600 JavaThread "Service Thread" daemon [_thread_blocked, id=25603, stack(0x0000000305906000,0x0000000305a06000)]
  0x00007ff2f983dc00 JavaThread "C2 CompilerThread0" daemon [_thread_blocked, id=39683, stack(0x0000000305a09000,0x0000000305b09000)]
  0x00007ff2f983e200 JavaThread "C1 CompilerThread0" daemon [_thread_blocked, id=38659, stack(0x0000000305b0c000,0x0000000305c0c000)]
  0x00007ff2f983e800 JavaThread "Sweeper thread" daemon [_thread_blocked, id=26115, stack(0x0000000305c0f000,0x0000000305d0f000)]
  0x00007ff2fb0d3e00 JavaThread "Common-Cleaner" daemon [_thread_blocked, id=37123, stack(0x0000000305d12000,0x0000000305e12000)]
  0x00007ff2fa016200 JavaThread "Notification Thread" daemon [_thread_blocked, id=36099, stack(0x0000000305e15000,0x0000000305f15000)]

Other Threads:
  0x00007ff2f941d640 VMThread "VM Thread" [stack: 0x00000003053ea000,0x00000003054ea000] [id=17923]
  0x00007ff2f944b500 WatcherThread [stack: 0x0000000305f18000,0x0000000306018000] [id=27919]
  0x00007ff2f970dee0 GCTaskThread "GC Thread#0" [stack: 0x0000000304edb000,0x0000000304fdb000] [id=14339]
  0x00007ff2f970f0b0 ConcurrentGCThread "G1 Main Marker" [stack: 0x0000000304fde000,0x00000003050de000] [id=14595]
  0x00007ff2f9411840 ConcurrentGCThread "G1 Conc#0" [stack: 0x00000003050e1000,0x00000003051e1000] [id=15363]
  0x00007ff2f972be20 ConcurrentGCThread "G1 Refine#0" [stack: 0x00000003051e4000,0x00000003052e4000] [id=15619]
  0x00007ff2f972ced0 ConcurrentGCThread "G1 Young RemSet Sampling" [stack: 0x00000003052e7000,0x00000003053e7000] [id=16131]

Threads with active compile tasks:

VM state: not at safepoint (normal execution)

VM Mutex/Monitor currently owned by a thread: None

Heap address: 0x0000000700000000, size: 4096 MB, Compressed Oops mode: Zero based, Oop shift amount: 3
CDS archive(s) mapped at: [0x0000000800000000-0x0000000800b2b000-0x0000000800b2b000), size 11710464, SharedBaseAddress: 0x0000000800000000, ArchiveRelocationMode: 0.
Compressed class space mapped at: 0x0000000800b2c000-0x0000000840b2c000, size: 1073741824
Narrow klass base: 0x0000000800000000, Narrow klass shift: 3, Narrow klass range: 0x100000000

GC Precious Log:
 CPUs: 8 total, 8 available
 Memory: 16384M
 Large Page Support: Disabled
 NUMA Support: Disabled
 Compressed Oops: Enabled (Zero based)
 Heap Region Size: 2M
 Heap Min Capacity: 8M
 Heap Initial Capacity: 256M
 Heap Max Capacity: 4G
 Pre-touch: Disabled
 Parallel Workers: 8
 Concurrent Workers: 2
 Concurrent Refinement Workers: 8
 Periodic GC: Disabled

Heap:
 garbage-first heap   total 266240K, used 3880K [0x0000000700000000, 0x0000000800000000)
  region size 2048K, 2 young (4096K), 0 survivors (0K)
 Metaspace       used 768K, capacity 4505K, committed 4864K, reserved 1056768K
  class space    used 80K, capacity 391K, committed 512K, reserved 1048576K

Heap Regions: E=young(eden), S=young(survivor), O=old, HS=humongous(starts), HC=humongous(continues), CS=collection set, F=free, OA=open archive, CA=closed archive, TAMS=top-at-mark-start (previous, next)
|   0|0x0000000700000000, 0x0000000700000000, 0x0000000700200000|  0%| F|  |TAMS 0x0000000700000000, 0x0000000700000000| Untracked 
|   1|0x0000000700200000, 0x0000000700200000, 0x0000000700400000|  0%| F|  |TAMS 0x0000000700200000, 0x0000000700200000| Untracked 
|   2|0x0000000700400000, 0x0000000700400000, 0x0000000700600000|  0%| F|  |TAMS 0x0000000700400000, 0x0000000700400000| Untracked 
|   3|0x0000000700600000, 0x0000000700600000, 0x0000000700800000|  0%| F|  |TAMS 0x0000000700600000, 0x0000000700600000| Untracked 
|   4|0x0000000700800000, 0x0000000700800000, 0x0000000700a00000|  0%| F|  |TAMS 0x0000000700800000, 0x0000000700800000| Untracked 
|   5|0x0000000700a00000, 0x0000000700a00000, 0x0000000700c00000|  0%| F|  |TAMS 0x0000000700a00000, 0x0000000700a00000| Untracked 
|   6|0x0000000700c00000, 0x0000000700c00000, 0x0000000700e00000|  0%| F|  |TAMS 0x0000000700c00000, 0x0000000700c00000| Untracked 
|   7|0x0000000700e00000, 0x0000000700e00000, 0x0000000701000000|  0%| F|  |TAMS 0x0000000700e00000, 0x0000000700e00000| Untracked 
|   8|0x0000000701000000, 0x0000000701000000, 0x0000000701200000|  0%| F|  |TAMS 0x0000000701000000, 0x0000000701000000| Untracked 
|   9|0x0000000701200000, 0x0000000701200000, 0x0000000701400000|  0%| F|  |TAMS 0x0000000701200000, 0x0000000701200000| Untracked 
|  10|0x0000000701400000, 0x0000000701400000, 0x0000000701600000|  0%| F|  |TAMS 0x0000000701400000, 0x0000000701400000| Untracked 
|  11|0x0000000701600000, 0x0000000701600000, 0x0000000701800000|  0%| F|  |TAMS 0x0000000701600000, 0x0000000701600000| Untracked 
|  12|0x0000000701800000, 0x0000000701800000, 0x0000000701a00000|  0%| F|  |TAMS 0x0000000701800000, 0x0000000701800000| Untracked 
|  13|0x0000000701a00000, 0x0000000701a00000, 0x0000000701c00000|  0%| F|  |TAMS 0x0000000701a00000, 0x0000000701a00000| Untracked 
|  14|0x0000000701c00000, 0x0000000701c00000, 0x0000000701e00000|  0%| F|  |TAMS 0x0000000701c00000, 0x0000000701c00000| Untracked 
|  15|0x0000000701e00000, 0x0000000701e00000, 0x0000000702000000|  0%| F|  |TAMS 0x0000000701e00000, 0x0000000701e00000| Untracked 
|  16|0x0000000702000000, 0x0000000702000000, 0x0000000702200000|  0%| F|  |TAMS 0x0000000702000000, 0x0000000702000000| Untracked 
|  17|0x0000000702200000, 0x0000000702200000, 0x0000000702400000|  0%| F|  |TAMS 0x0000000702200000, 0x0000000702200000| Untracked 
|  18|0x0000000702400000, 0x0000000702400000, 0x0000000702600000|  0%| F|  |TAMS 0x0000000702400000, 0x0000000702400000| Untracked 
|  19|0x0000000702600000, 0x0000000702600000, 0x0000000702800000|  0%| F|  |TAMS 0x0000000702600000, 0x0000000702600000| Untracked 
|  20|0x0000000702800000, 0x0000000702800000, 0x0000000702a00000|  0%| F|  |TAMS 0x0000000702800000, 0x0000000702800000| Untracked 
|  21|0x0000000702a00000, 0x0000000702a00000, 0x0000000702c00000|  0%| F|  |TAMS 0x0000000702a00000, 0x0000000702a00000| Untracked 
|  22|0x0000000702c00000, 0x0000000702c00000, 0x0000000702e00000|  0%| F|  |TAMS 0x0000000702c00000, 0x0000000702c00000| Untracked 
|  23|0x0000000702e00000, 0x0000000702e00000, 0x0000000703000000|  0%| F|  |TAMS 0x0000000702e00000, 0x0000000702e00000| Untracked 
|  24|0x0000000703000000, 0x0000000703000000, 0x0000000703200000|  0%| F|  |TAMS 0x0000000703000000, 0x0000000703000000| Untracked 
|  25|0x0000000703200000, 0x0000000703200000, 0x0000000703400000|  0%| F|  |TAMS 0x0000000703200000, 0x0000000703200000| Untracked 
|  26|0x0000000703400000, 0x0000000703400000, 0x0000000703600000|  0%| F|  |TAMS 0x0000000703400000, 0x0000000703400000| Untracked 
|  27|0x0000000703600000, 0x0000000703600000, 0x0000000703800000|  0%| F|  |TAMS 0x0000000703600000, 0x0000000703600000| Untracked 
|  28|0x0000000703800000, 0x0000000703800000, 0x0000000703a00000|  0%| F|  |TAMS 0x0000000703800000, 0x0000000703800000| Untracked 
|  29|0x0000000703a00000, 0x0000000703a00000, 0x0000000703c00000|  0%| F|  |TAMS 0x0000000703a00000, 0x0000000703a00000| Untracked 
|  30|0x0000000703c00000, 0x0000000703c00000, 0x0000000703e00000|  0%| F|  |TAMS 0x0000000703c00000, 0x0000000703c00000| Untracked 
|  31|0x0000000703e00000, 0x0000000703e00000, 0x0000000704000000|  0%| F|  |TAMS 0x0000000703e00000, 0x0000000703e00000| Untracked 
|  32|0x0000000704000000, 0x0000000704000000, 0x0000000704200000|  0%| F|  |TAMS 0x0000000704000000, 0x0000000704000000| Untracked 
|  33|0x0000000704200000, 0x0000000704200000, 0x0000000704400000|  0%| F|  |TAMS 0x0000000704200000, 0x0000000704200000| Untracked 
|  34|0x0000000704400000, 0x0000000704400000, 0x0000000704600000|  0%| F|  |TAMS 0x0000000704400000, 0x0000000704400000| Untracked 
|  35|0x0000000704600000, 0x0000000704600000, 0x0000000704800000|  0%| F|  |TAMS 0x0000000704600000, 0x0000000704600000| Untracked 
|  36|0x0000000704800000, 0x0000000704800000, 0x0000000704a00000|  0%| F|  |TAMS 0x0000000704800000, 0x0000000704800000| Untracked 
|  37|0x0000000704a00000, 0x0000000704a00000, 0x0000000704c00000|  0%| F|  |TAMS 0x0000000704a00000, 0x0000000704a00000| Untracked 
|  38|0x0000000704c00000, 0x0000000704c00000, 0x0000000704e00000|  0%| F|  |TAMS 0x0000000704c00000, 0x0000000704c00000| Untracked 
|  39|0x0000000704e00000, 0x0000000704e00000, 0x0000000705000000|  0%| F|  |TAMS 0x0000000704e00000, 0x0000000704e00000| Untracked 
|  40|0x0000000705000000, 0x0000000705000000, 0x0000000705200000|  0%| F|  |TAMS 0x0000000705000000, 0x0000000705000000| Untracked 
|  41|0x0000000705200000, 0x0000000705200000, 0x0000000705400000|  0%| F|  |TAMS 0x0000000705200000, 0x0000000705200000| Untracked 
|  42|0x0000000705400000, 0x0000000705400000, 0x0000000705600000|  0%| F|  |TAMS 0x0000000705400000, 0x0000000705400000| Untracked 
|  43|0x0000000705600000, 0x0000000705600000, 0x0000000705800000|  0%| F|  |TAMS 0x0000000705600000, 0x0000000705600000| Untracked 
|  44|0x0000000705800000, 0x0000000705800000, 0x0000000705a00000|  0%| F|  |TAMS 0x0000000705800000, 0x0000000705800000| Untracked 
|  45|0x0000000705a00000, 0x0000000705a00000, 0x0000000705c00000|  0%| F|  |TAMS 0x0000000705a00000, 0x0000000705a00000| Untracked 
|  46|0x0000000705c00000, 0x0000000705c00000, 0x0000000705e00000|  0%| F|  |TAMS 0x0000000705c00000, 0x0000000705c00000| Untracked 
|  47|0x0000000705e00000, 0x0000000705e00000, 0x0000000706000000|  0%| F|  |TAMS 0x0000000705e00000, 0x0000000705e00000| Untracked 
|  48|0x0000000706000000, 0x0000000706000000, 0x0000000706200000|  0%| F|  |TAMS 0x0000000706000000, 0x0000000706000000| Untracked 
|  49|0x0000000706200000, 0x0000000706200000, 0x0000000706400000|  0%| F|  |TAMS 0x0000000706200000, 0x0000000706200000| Untracked 
|  50|0x0000000706400000, 0x0000000706400000, 0x0000000706600000|  0%| F|  |TAMS 0x0000000706400000, 0x0000000706400000| Untracked 
|  51|0x0000000706600000, 0x0000000706600000, 0x0000000706800000|  0%| F|  |TAMS 0x0000000706600000, 0x0000000706600000| Untracked 
|  52|0x0000000706800000, 0x0000000706800000, 0x0000000706a00000|  0%| F|  |TAMS 0x0000000706800000, 0x0000000706800000| Untracked 
|  53|0x0000000706a00000, 0x0000000706a00000, 0x0000000706c00000|  0%| F|  |TAMS 0x0000000706a00000, 0x0000000706a00000| Untracked 
|  54|0x0000000706c00000, 0x0000000706c00000, 0x0000000706e00000|  0%| F|  |TAMS 0x0000000706c00000, 0x0000000706c00000| Untracked 
|  55|0x0000000706e00000, 0x0000000706e00000, 0x0000000707000000|  0%| F|  |TAMS 0x0000000706e00000, 0x0000000706e00000| Untracked 
|  56|0x0000000707000000, 0x0000000707000000, 0x0000000707200000|  0%| F|  |TAMS 0x0000000707000000, 0x0000000707000000| Untracked 
|  57|0x0000000707200000, 0x0000000707200000, 0x0000000707400000|  0%| F|  |TAMS 0x0000000707200000, 0x0000000707200000| Untracked 
|  58|0x0000000707400000, 0x0000000707400000, 0x0000000707600000|  0%| F|  |TAMS 0x0000000707400000, 0x0000000707400000| Untracked 
|  59|0x0000000707600000, 0x0000000707600000, 0x0000000707800000|  0%| F|  |TAMS 0x0000000707600000, 0x0000000707600000| Untracked 
|  60|0x0000000707800000, 0x0000000707800000, 0x0000000707a00000|  0%| F|  |TAMS 0x0000000707800000, 0x0000000707800000| Untracked 
|  61|0x0000000707a00000, 0x0000000707a00000, 0x0000000707c00000|  0%| F|  |TAMS 0x0000000707a00000, 0x0000000707a00000| Untracked 
|  62|0x0000000707c00000, 0x0000000707c00000, 0x0000000707e00000|  0%| F|  |TAMS 0x0000000707c00000, 0x0000000707c00000| Untracked 
|  63|0x0000000707e00000, 0x0000000707e00000, 0x0000000708000000|  0%| F|  |TAMS 0x0000000707e00000, 0x0000000707e00000| Untracked 
|  64|0x0000000708000000, 0x0000000708000000, 0x0000000708200000|  0%| F|  |TAMS 0x0000000708000000, 0x0000000708000000| Untracked 
|  65|0x0000000708200000, 0x0000000708200000, 0x0000000708400000|  0%| F|  |TAMS 0x0000000708200000, 0x0000000708200000| Untracked 
|  66|0x0000000708400000, 0x0000000708400000, 0x0000000708600000|  0%| F|  |TAMS 0x0000000708400000, 0x0000000708400000| Untracked 
|  67|0x0000000708600000, 0x0000000708600000, 0x0000000708800000|  0%| F|  |TAMS 0x0000000708600000, 0x0000000708600000| Untracked 
|  68|0x0000000708800000, 0x0000000708800000, 0x0000000708a00000|  0%| F|  |TAMS 0x0000000708800000, 0x0000000708800000| Untracked 
|  69|0x0000000708a00000, 0x0000000708a00000, 0x0000000708c00000|  0%| F|  |TAMS 0x0000000708a00000, 0x0000000708a00000| Untracked 
|  70|0x0000000708c00000, 0x0000000708c00000, 0x0000000708e00000|  0%| F|  |TAMS 0x0000000708c00000, 0x0000000708c00000| Untracked 
|  71|0x0000000708e00000, 0x0000000708e00000, 0x0000000709000000|  0%| F|  |TAMS 0x0000000708e00000, 0x0000000708e00000| Untracked 
|  72|0x0000000709000000, 0x0000000709000000, 0x0000000709200000|  0%| F|  |TAMS 0x0000000709000000, 0x0000000709000000| Untracked 
|  73|0x0000000709200000, 0x0000000709200000, 0x0000000709400000|  0%| F|  |TAMS 0x0000000709200000, 0x0000000709200000| Untracked 
|  74|0x0000000709400000, 0x0000000709400000, 0x0000000709600000|  0%| F|  |TAMS 0x0000000709400000, 0x0000000709400000| Untracked 
|  75|0x0000000709600000, 0x0000000709600000, 0x0000000709800000|  0%| F|  |TAMS 0x0000000709600000, 0x0000000709600000| Untracked 
|  76|0x0000000709800000, 0x0000000709800000, 0x0000000709a00000|  0%| F|  |TAMS 0x0000000709800000, 0x0000000709800000| Untracked 
|  77|0x0000000709a00000, 0x0000000709a00000, 0x0000000709c00000|  0%| F|  |TAMS 0x0000000709a00000, 0x0000000709a00000| Untracked 
|  78|0x0000000709c00000, 0x0000000709c00000, 0x0000000709e00000|  0%| F|  |TAMS 0x0000000709c00000, 0x0000000709c00000| Untracked 
|  79|0x0000000709e00000, 0x0000000709e00000, 0x000000070a000000|  0%| F|  |TAMS 0x0000000709e00000, 0x0000000709e00000| Untracked 
|  80|0x000000070a000000, 0x000000070a000000, 0x000000070a200000|  0%| F|  |TAMS 0x000000070a000000, 0x000000070a000000| Untracked 
|  81|0x000000070a200000, 0x000000070a200000, 0x000000070a400000|  0%| F|  |TAMS 0x000000070a200000, 0x000000070a200000| Untracked 
|  82|0x000000070a400000, 0x000000070a400000, 0x000000070a600000|  0%| F|  |TAMS 0x000000070a400000, 0x000000070a400000| Untracked 
|  83|0x000000070a600000, 0x000000070a600000, 0x000000070a800000|  0%| F|  |TAMS 0x000000070a600000, 0x000000070a600000| Untracked 
|  84|0x000000070a800000, 0x000000070a800000, 0x000000070aa00000|  0%| F|  |TAMS 0x000000070a800000, 0x000000070a800000| Untracked 
|  85|0x000000070aa00000, 0x000000070aa00000, 0x000000070ac00000|  0%| F|  |TAMS 0x000000070aa00000, 0x000000070aa00000| Untracked 
|  86|0x000000070ac00000, 0x000000070ac00000, 0x000000070ae00000|  0%| F|  |TAMS 0x000000070ac00000, 0x000000070ac00000| Untracked 
|  87|0x000000070ae00000, 0x000000070ae00000, 0x000000070b000000|  0%| F|  |TAMS 0x000000070ae00000, 0x000000070ae00000| Untracked 
|  88|0x000000070b000000, 0x000000070b000000, 0x000000070b200000|  0%| F|  |TAMS 0x000000070b000000, 0x000000070b000000| Untracked 
|  89|0x000000070b200000, 0x000000070b200000, 0x000000070b400000|  0%| F|  |TAMS 0x000000070b200000, 0x000000070b200000| Untracked 
|  90|0x000000070b400000, 0x000000070b400000, 0x000000070b600000|  0%| F|  |TAMS 0x000000070b400000, 0x000000070b400000| Untracked 
|  91|0x000000070b600000, 0x000000070b600000, 0x000000070b800000|  0%| F|  |TAMS 0x000000070b600000, 0x000000070b600000| Untracked 
|  92|0x000000070b800000, 0x000000070b800000, 0x000000070ba00000|  0%| F|  |TAMS 0x000000070b800000, 0x000000070b800000| Untracked 
|  93|0x000000070ba00000, 0x000000070ba00000, 0x000000070bc00000|  0%| F|  |TAMS 0x000000070ba00000, 0x000000070ba00000| Untracked 
|  94|0x000000070bc00000, 0x000000070bc00000, 0x000000070be00000|  0%| F|  |TAMS 0x000000070bc00000, 0x000000070bc00000| Untracked 
|  95|0x000000070be00000, 0x000000070be00000, 0x000000070c000000|  0%| F|  |TAMS 0x000000070be00000, 0x000000070be00000| Untracked 
|  96|0x000000070c000000, 0x000000070c000000, 0x000000070c200000|  0%| F|  |TAMS 0x000000070c000000, 0x000000070c000000| Untracked 
|  97|0x000000070c200000, 0x000000070c200000, 0x000000070c400000|  0%| F|  |TAMS 0x000000070c200000, 0x000000070c200000| Untracked 
|  98|0x000000070c400000, 0x000000070c400000, 0x000000070c600000|  0%| F|  |TAMS 0x000000070c400000, 0x000000070c400000| Untracked 
|  99|0x000000070c600000, 0x000000070c600000, 0x000000070c800000|  0%| F|  |TAMS 0x000000070c600000, 0x000000070c600000| Untracked 
| 100|0x000000070c800000, 0x000000070c800000, 0x000000070ca00000|  0%| F|  |TAMS 0x000000070c800000, 0x000000070c800000| Untracked 
| 101|0x000000070ca00000, 0x000000070ca00000, 0x000000070cc00000|  0%| F|  |TAMS 0x000000070ca00000, 0x000000070ca00000| Untracked 
| 102|0x000000070cc00000, 0x000000070cc00000, 0x000000070ce00000|  0%| F|  |TAMS 0x000000070cc00000, 0x000000070cc00000| Untracked 
| 103|0x000000070ce00000, 0x000000070ce00000, 0x000000070d000000|  0%| F|  |TAMS 0x000000070ce00000, 0x000000070ce00000| Untracked 
| 104|0x000000070d000000, 0x000000070d000000, 0x000000070d200000|  0%| F|  |TAMS 0x000000070d000000, 0x000000070d000000| Untracked 
| 105|0x000000070d200000, 0x000000070d200000, 0x000000070d400000|  0%| F|  |TAMS 0x000000070d200000, 0x000000070d200000| Untracked 
| 106|0x000000070d400000, 0x000000070d400000, 0x000000070d600000|  0%| F|  |TAMS 0x000000070d400000, 0x000000070d400000| Untracked 
| 107|0x000000070d600000, 0x000000070d600000, 0x000000070d800000|  0%| F|  |TAMS 0x000000070d600000, 0x000000070d600000| Untracked 
| 108|0x000000070d800000, 0x000000070d800000, 0x000000070da00000|  0%| F|  |TAMS 0x000000070d800000, 0x000000070d800000| Untracked 
| 109|0x000000070da00000, 0x000000070da00000, 0x000000070dc00000|  0%| F|  |TAMS 0x000000070da00000, 0x000000070da00000| Untracked 
| 110|0x000000070dc00000, 0x000000070dc00000, 0x000000070de00000|  0%| F|  |TAMS 0x000000070dc00000, 0x000000070dc00000| Untracked 
| 111|0x000000070de00000, 0x000000070de00000, 0x000000070e000000|  0%| F|  |TAMS 0x000000070de00000, 0x000000070de00000| Untracked 
| 112|0x000000070e000000, 0x000000070e000000, 0x000000070e200000|  0%| F|  |TAMS 0x000000070e000000, 0x000000070e000000| Untracked 
| 113|0x000000070e200000, 0x000000070e200000, 0x000000070e400000|  0%| F|  |TAMS 0x000000070e200000, 0x000000070e200000| Untracked 
| 114|0x000000070e400000, 0x000000070e400000, 0x000000070e600000|  0%| F|  |TAMS 0x000000070e400000, 0x000000070e400000| Untracked 
| 115|0x000000070e600000, 0x000000070e600000, 0x000000070e800000|  0%| F|  |TAMS 0x000000070e600000, 0x000000070e600000| Untracked 
| 116|0x000000070e800000, 0x000000070e800000, 0x000000070ea00000|  0%| F|  |TAMS 0x000000070e800000, 0x000000070e800000| Untracked 
| 117|0x000000070ea00000, 0x000000070ea00000, 0x000000070ec00000|  0%| F|  |TAMS 0x000000070ea00000, 0x000000070ea00000| Untracked 
| 118|0x000000070ec00000, 0x000000070ec00000, 0x000000070ee00000|  0%| F|  |TAMS 0x000000070ec00000, 0x000000070ec00000| Untracked 
| 119|0x000000070ee00000, 0x000000070ee00000, 0x000000070f000000|  0%| F|  |TAMS 0x000000070ee00000, 0x000000070ee00000| Untracked 
| 120|0x000000070f000000, 0x000000070f000000, 0x000000070f200000|  0%| F|  |TAMS 0x000000070f000000, 0x000000070f000000| Untracked 
| 121|0x000000070f200000, 0x000000070f200000, 0x000000070f400000|  0%| F|  |TAMS 0x000000070f200000, 0x000000070f200000| Untracked 
| 122|0x000000070f400000, 0x000000070f400000, 0x000000070f600000|  0%| F|  |TAMS 0x000000070f400000, 0x000000070f400000| Untracked 
| 123|0x000000070f600000, 0x000000070f600000, 0x000000070f800000|  0%| F|  |TAMS 0x000000070f600000, 0x000000070f600000| Untracked 
| 124|0x000000070f800000, 0x000000070f800000, 0x000000070fa00000|  0%| F|  |TAMS 0x000000070f800000, 0x000000070f800000| Untracked 
| 125|0x000000070fa00000, 0x000000070fa00000, 0x000000070fc00000|  0%| F|  |TAMS 0x000000070fa00000, 0x000000070fa00000| Untracked 
| 126|0x000000070fc00000, 0x000000070fc72798, 0x000000070fe00000| 22%| E|  |TAMS 0x000000070fc00000, 0x000000070fc00000| Complete 
| 127|0x000000070fe00000, 0x0000000710000000, 0x0000000710000000|100%| E|CS|TAMS 0x000000070fe00000, 0x000000070fe00000| Complete 
|1534|0x00000007bfc00000, 0x00000007bfd51000, 0x00000007bfe00000| 65%|OA|  |TAMS 0x00000007bfc00000, 0x00000007bfc00000| Untracked 
|1535|0x00000007bfe00000, 0x00000007bfe79000, 0x00000007c0000000| 23%|CA|  |TAMS 0x00000007bfe00000, 0x00000007bfe00000| Untracked 

Card table byte_map: [0x0000000126f8e000,0x000000012778e000] _byte_map_base: 0x000000012378e000

Marking Bits (Prev, Next): (CMBitMap*) 0x00007ff2fb022410, (CMBitMap*) 0x00007ff2fb022450
 Prev Bits: [0x0000000127f8e000, 0x000000012bf8e000)
 Next Bits: [0x000000012bf8e000, 0x000000012ff8e000)

Polling page: 0x00000001005af000

Metaspace:

Usage:
  Non-class:      4.02 MB capacity,   687.27 KB ( 17%) used,     3.35 MB ( 83%) free+waste,   448 bytes ( <1%) overhead. 
      Class:    391.00 KB capacity,    80.87 KB ( 21%) used,   309.82 KB ( 79%) free+waste,   320 bytes ( <1%) overhead. 
       Both:      4.40 MB capacity,   768.14 KB ( 17%) used,     3.65 MB ( 83%) free+waste,   768 bytes ( <1%) overhead. 

Virtual space:
  Non-class space:        8.00 MB reserved,       4.25 MB ( 53%) committed 
      Class space:        1.00 GB reserved,     512.00 KB ( <1%) committed 
             Both:        1.01 GB reserved,       4.75 MB ( <1%) committed 

Chunk freelists:
   Non-Class:  2.00 KB
       Class:  1.00 KB
        Both:  3.00 KB

MaxMetaspaceSize: 17179869184.00 GB
CompressedClassSpaceSize: 1.00 GB

CodeHeap 'non-profiled nmethods': size=120028Kb used=82Kb max_used=82Kb free=119945Kb
 bounds [0x000000011f257000, 0x000000011f4c7000, 0x000000012678e000]
CodeHeap 'profiled nmethods': size=120028Kb used=321Kb max_used=321Kb free=119707Kb
 bounds [0x0000000117d20000, 0x0000000117f90000, 0x000000011f257000]
CodeHeap 'non-nmethods': size=5704Kb used=1105Kb max_used=1119Kb free=4598Kb
 bounds [0x000000011778e000, 0x00000001179fe000, 0x0000000117d20000]
 total_blobs=628 nmethods=277 adapters=266
 compilation: enabled
              stopped_count=0, restarted_count=0
 full_count=0

Compilation events (20 events):
Event: 0.193 Thread 0x00007ff2f983e200  267       3       java.lang.Character::isSurrogate (18 bytes)
Event: 0.193 Thread 0x00007ff2f983e200 nmethod 267 0x0000000117d6d990 code [0x0000000117d6db20, 0x0000000117d6dc90]
Event: 0.193 Thread 0x00007ff2f983e200  266       3       java.lang.Character::charCount (12 bytes)
Event: 0.193 Thread 0x00007ff2f983e200 nmethod 266 0x0000000117d6dd10 code [0x0000000117d6dea0, 0x0000000117d6dfd0]
Event: 0.193 Thread 0x00007ff2f983e200  265       3       java.lang.String::codePointAt (50 bytes)
Event: 0.194 Thread 0x00007ff2f983e200 nmethod 265 0x0000000117d6e090 code [0x0000000117d6e260, 0x0000000117d6e5e0]
Event: 0.194 Thread 0x00007ff2f983e200  263       3       java.util.regex.Pattern::isSupplementary (21 bytes)
Event: 0.194 Thread 0x00007ff2f983e200 nmethod 263 0x0000000117d6e790 code [0x0000000117d6e920, 0x0000000117d6eb90]
Event: 0.194 Thread 0x00007ff2f983e200  268       3       java.util.regex.Pattern::has (15 bytes)
Event: 0.194 Thread 0x00007ff2f983e200 nmethod 268 0x0000000117d6ec90 code [0x0000000117d6ee20, 0x0000000117d6ef70]
Event: 0.195 Thread 0x00007ff2f983e200  273       3       java.util.regex.ASCII::isAscii (13 bytes)
Event: 0.195 Thread 0x00007ff2f983e200 nmethod 273 0x0000000117d6f010 code [0x0000000117d6f1a0, 0x0000000117d6f2d0]
Event: 0.195 Thread 0x00007ff2f983e200  274       3       java.util.regex.Pattern::peek (26 bytes)
Event: 0.195 Thread 0x00007ff2f983dc00  276       4       java.lang.String::length (11 bytes)
Event: 0.195 Thread 0x00007ff2f983e200 nmethod 274 0x0000000117d6f390 code [0x0000000117d6f540, 0x0000000117d6f7a0]
Event: 0.195 Thread 0x00007ff2f983e200  275       3       java.util.regex.Pattern::next (33 bytes)
Event: 0.195 Thread 0x00007ff2f983e200 nmethod 275 0x0000000117d6f910 code [0x0000000117d6fac0, 0x0000000117d6fd20]
Event: 0.195 Thread 0x00007ff2f983e200  277       3       java.util.regex.Pattern::read (33 bytes)
Event: 0.195 Thread 0x00007ff2f983e200 nmethod 277 0x0000000117d6fe90 code [0x0000000117d70040, 0x0000000117d702a0]
Event: 0.196 Thread 0x00007ff2f983dc00 nmethod 276 0x000000011f26b810 code [0x000000011f26b980, 0x000000011f26b9f8]

GC Heap History (0 events):
No events

Deoptimization events (4 events):
Event: 0.153 Thread 0x00007ff2fa008800 Uncommon trap: trap_request=0xfffffff4 fr.pc=0x000000011f266090 relative=0x0000000000000190
Event: 0.153 Thread 0x00007ff2fa008800 Uncommon trap: reason=null_check action=make_not_entrant pc=0x000000011f266090 method=java.lang.String.equals(Ljava/lang/Object;)Z @ 8 c2
Event: 0.153 Thread 0x00007ff2fa008800 DEOPT PACKING pc=0x000000011f266090 sp=0x0000000304ed65e0
Event: 0.153 Thread 0x00007ff2fa008800 DEOPT UNPACKING pc=0x00000001177dbe1f sp=0x0000000304ed65a8 mode 2

Classes unloaded (0 events):
No events

Classes redefined (0 events):
No events

Internal exceptions (5 events):
Event: 0.102 Thread 0x00007ff2fa008800 Exception <a 'sun/nio/fs/UnixException'{0x000000070fe8bd50}> (0x000000070fe8bd50) 
thrown [./open/src/hotspot/share/prims/jni.cpp, line 578]
Event: 0.102 Thread 0x00007ff2fa008800 Exception <a 'sun/nio/fs/UnixException'{0x000000070fe8c5e0}> (0x000000070fe8c5e0) 
thrown [./open/src/hotspot/share/prims/jni.cpp, line 578]
Event: 0.102 Thread 0x00007ff2fa008800 Exception <a 'sun/nio/fs/UnixException'{0x000000070fe8ccc0}> (0x000000070fe8ccc0) 
thrown [./open/src/hotspot/share/prims/jni.cpp, line 578]
Event: 0.102 Thread 0x00007ff2fa008800 Exception <a 'sun/nio/fs/UnixException'{0x000000070fe8d3b8}> (0x000000070fe8d3b8) 
thrown [./open/src/hotspot/share/prims/jni.cpp, line 578]
Event: 0.152 Thread 0x00007ff2fa008800 Implicit null exception at 0x000000011f265f35 to 0x000000011f266080

Events (20 events):
Event: 0.177 loading class java/util/spi/ResourceBundleProvider
Event: 0.177 loading class java/util/spi/ResourceBundleProvider done
Event: 0.177 loading class sun/util/resources/LocaleData$LocaleDataResourceBundleProvider done
Event: 0.177 loading class sun/util/resources/LocaleData$CommonResourceBundleProvider done
Event: 0.178 loading class java/util/ArrayList$SubList$1
Event: 0.178 loading class java/util/ArrayList$SubList$1 done
Event: 0.180 loading class sun/text/resources/cldr/FormatData_en
Event: 0.180 loading class sun/text/resources/cldr/FormatData_en done
Event: 0.180 loading class sun/util/resources/Bundles$2
Event: 0.180 loading class sun/util/resources/Bundles$2 done
Event: 0.181 loading class java/lang/InstantiationException
Event: 0.181 loading class java/lang/InstantiationException done
Event: 0.182 loading class java/lang/IllegalAccessException
Event: 0.182 loading class java/lang/IllegalAccessException done
Event: 0.182 loading class java/lang/InternalError
Event: 0.182 loading class java/lang/InternalError done
Event: 1.114 Executing VM operation: HandshakeAllThreads
Event: 1.114 Executing VM operation: HandshakeAllThreads done
Event: 1.498 loading class java/util/regex/Pattern$1
Event: 1.499 loading class java/util/regex/Pattern$1 done


Dynamic libraries:
0x00007ffdffc9b000 	/Library/Apple/usr/libexec/oah/runtime
0x00007fff2a5c6000 	/usr/lib/libz.1.dylib
0x0000000108853000 	/Users/chiew256/Library/Java/JavaVirtualMachines/openjdk-15.0.2/Contents/Home/lib/libjli.dylib
0x00007fff35278000 	/System/Library/Frameworks/Cocoa.framework/Versions/A/Cocoa
0x00007fff22120000 	/System/Library/Frameworks/Security.framework/Versions/A/Security
0x00007fff33475000 	/System/Library/Frameworks/ApplicationServices.framework/Versions/A/ApplicationServices
0x00007fff2a692000 	/usr/lib/libSystem.B.dylib
0x00007fff2a68c000 	/usr/lib/system/libcache.dylib
0x00007fff2a648000 	/usr/lib/system/libcommonCrypto.dylib
0x00007fff2a672000 	/usr/lib/system/libcompiler_rt.dylib
0x00007fff2a667000 	/usr/lib/system/libcopyfile.dylib
0x00007fff200be000 	/usr/lib/system/libcorecrypto.dylib
0x00007fff2018b000 	/usr/lib/system/libdispatch.dylib
0x00007fff20340000 	/usr/lib/system/libdyld.dylib
0x00007fff2a683000 	/usr/lib/system/libkeymgr.dylib
0x00007fff2dc27000 	/usr/lib/system/liblaunch.dylib
0x00007fff2a626000 	/usr/lib/system/libmacho.dylib
0x00007fff29e3b000 	/usr/lib/system/libquarantine.dylib
0x00007fff2a680000 	/usr/lib/system/libremovefile.dylib
0x00007fff24ab7000 	/usr/lib/system/libsystem_asl.dylib
0x00007fff2006e000 	/usr/lib/system/libsystem_blocks.dylib
0x00007fff2020d000 	/usr/lib/system/libsystem_c.dylib
0x00007fff2a67a000 	/usr/lib/system/libsystem_collections.dylib
0x00007fff29228000 	/usr/lib/system/libsystem_configuration.dylib
0x00007fff28517000 	/usr/lib/system/libsystem_containermanager.dylib
0x00007fff2a3be000 	/usr/lib/system/libsystem_coreservices.dylib
0x00007fff226d4000 	/usr/lib/system/libsystem_darwin.dylib
0x00007fff2a684000 	/usr/lib/system/libsystem_dnssd.dylib
0x00007fff2020a000 	/usr/lib/system/libsystem_featureflags.dylib
0x00007fff20385000 	/usr/lib/system/libsystem_info.dylib
0x00007fff2a5d9000 	/usr/lib/system/libsystem_m.dylib
0x00007fff2015e000 	/usr/lib/system/libsystem_malloc.dylib
0x00007fff24a4b000 	/usr/lib/system/libsystem_networkextension.dylib
0x00007fff22aef000 	/usr/lib/system/libsystem_notify.dylib
0x00007fff300db000 	/usr/lib/system/libsystem_product_info_filter.dylib
0x00007fff2922c000 	/usr/lib/system/libsystem_sandbox.dylib
0x00007fff2a67d000 	/usr/lib/system/libsystem_secinit.dylib
0x00007fff20305000 	/usr/lib/system/libsystem_kernel.dylib
0x00007fff2037b000 	/usr/lib/system/libsystem_platform.dylib
0x00007fff20334000 	/usr/lib/system/libsystem_pthread.dylib
0x00007fff261e5000 	/usr/lib/system/libsystem_symptoms.dylib
0x00007fff200a6000 	/usr/lib/system/libsystem_trace.dylib
0x00007fff2a654000 	/usr/lib/system/libunwind.dylib
0x00007fff20070000 	/usr/lib/system/libxpc.dylib
0x00007fff202ec000 	/usr/lib/libc++abi.dylib
0x00007fff201d0000 	/usr/lib/libobjc.A.dylib
0x00007fff2a65f000 	/usr/lib/liboah.dylib
0x00007fff20296000 	/usr/lib/libc++.1.dylib
0x00007fff203b1000 	/System/Library/Frameworks/CoreFoundation.framework/Versions/A/CoreFoundation
0x00007fff21093000 	/System/Library/Frameworks/Foundation.framework/Versions/C/Foundation
0x00007fff22b47000 	/System/Library/Frameworks/AppKit.framework/Versions/C/AppKit
0x00007fff25a05000 	/System/Library/Frameworks/CoreData.framework/Versions/A/CoreData
0x00007fff238aa000 	/System/Library/PrivateFrameworks/UIFoundation.framework/Versions/A/UIFoundation
0x00007fff2fe54000 	/System/Library/PrivateFrameworks/RemoteViewServices.framework/Versions/A/RemoteViewServices
0x00007fff28be1000 	/System/Library/PrivateFrameworks/XCTTargetBootstrap.framework/Versions/A/XCTTargetBootstrap
0x00007fff2b930000 	/usr/lib/libspindump.dylib
0x00007fff23aff000 	/System/Library/Frameworks/UniformTypeIdentifiers.framework/Versions/A/UniformTypeIdentifiers
0x00007fff273b7000 	/usr/lib/libapp_launch_measurement.dylib
0x00007fff273ba000 	/System/Library/PrivateFrameworks/CoreAutoLayout.framework/Versions/A/CoreAutoLayout
0x00007fff28543000 	/System/Library/Frameworks/Metal.framework/Versions/A/Metal
0x00007fff29237000 	/usr/lib/liblangid.dylib
0x00007fff28be5000 	/System/Library/PrivateFrameworks/CoreSVG.framework/Versions/A/CoreSVG
0x00007fff24ae6000 	/System/Library/PrivateFrameworks/SkyLight.framework/Versions/A/SkyLight
0x00007fff24e4d000 	/System/Library/Frameworks/CoreGraphics.framework/Versions/A/CoreGraphics
0x00007fff304ab000 	/System/Library/Frameworks/Accelerate.framework/Versions/A/Accelerate
0x00007fff2b36b000 	/System/Library/PrivateFrameworks/IconServices.framework/Versions/A/IconServices
0x00007fff28528000 	/System/Library/Frameworks/IOSurface.framework/Versions/A/IOSurface
0x00007fff26397000 	/usr/lib/libDiagnosticMessagesClient.dylib
0x00007fff28bcd000 	/System/Library/PrivateFrameworks/DFRFoundation.framework/Versions/A/DFRFoundation
0x00007fff22472000 	/usr/lib/libicucore.A.dylib
0x00007fff2ce75000 	/System/Library/Frameworks/AudioToolbox.framework/Versions/A/AudioToolbox
0x00007fff2c11a000 	/System/Library/PrivateFrameworks/DataDetectorsCore.framework/Versions/A/DataDetectorsCore
0x00007fff288cd000 	/System/Library/Frameworks/Carbon.framework/Versions/A/Frameworks/HIToolbox.framework/Versions/A/HIToolbox
0x00007fff26e12000 	/System/Library/Frameworks/QuartzCore.framework/Versions/A/QuartzCore
0x00007fff2fe90000 	/System/Library/Frameworks/Carbon.framework/Versions/A/Frameworks/SpeechRecognition.framework/Versions/A/SpeechRecognition
0x00007fff2711f000 	/System/Library/PrivateFrameworks/CoreUI.framework/Versions/A/CoreUI
0x00007fff21a7b000 	/System/Library/Frameworks/CoreAudio.framework/Versions/A/CoreAudio
0x00007fff26482000 	/System/Library/Frameworks/DiskArbitration.framework/Versions/A/DiskArbitration
0x00007fff2bd2a000 	/System/Library/PrivateFrameworks/MultitouchSupport.framework/Versions/A/MultitouchSupport
0x00007fff2c111000 	/System/Library/PrivateFrameworks/InternationalSupport.framework/Versions/A/InternationalSupport
0x00007fff24a5a000 	/usr/lib/libenergytrace.dylib
0x00007fff22a40000 	/System/Library/Frameworks/IOKit.framework/Versions/A/IOKit
0x00007fff301dd000 	/System/Library/Frameworks/CoreServices.framework/Versions/A/CoreServices
0x00007fff2734d000 	/System/Library/PrivateFrameworks/PerformanceAnalysis.framework/Versions/A/PerformanceAnalysis
0x00007fff6cb53000 	/System/Library/Frameworks/OpenGL.framework/Versions/A/OpenGL
0x00007fff2c196000 	/System/Library/PrivateFrameworks/UserActivity.framework/Versions/A/UserActivity
0x00007fff25507000 	/System/Library/Frameworks/ColorSync.framework/Versions/A/ColorSync
0x00007fff28e4e000 	/System/Library/Frameworks/CoreImage.framework/Versions/A/CoreImage
0x00007fff21892000 	/System/Library/Frameworks/CoreText.framework/Versions/A/CoreText
0x00007fff28c0f000 	/System/Library/Frameworks/ImageIO.framework/Versions/A/ImageIO
0x00007fff2a698000 	/System/Library/PrivateFrameworks/SoftLinking.framework/Versions/A/SoftLinking
0x00007fff27403000 	/usr/lib/libxml2.2.dylib
0x00007fff2a90a000 	/usr/lib/libcompression.dylib
0x00007fff24a5b000 	/usr/lib/libMobileGestalt.dylib
0x00007fff2c044000 	/System/Library/PrivateFrameworks/TextureIO.framework/Versions/A/TextureIO
0x00007fff2aff8000 	/usr/lib/libate.dylib
0x00007fff2ad23000 	/usr/lib/liblzma.5.dylib
0x00007fff20da7000 	/System/Library/Frameworks/SystemConfiguration.framework/Versions/A/SystemConfiguration
0x00007fff2a694000 	/usr/lib/libfakelink.dylib
0x00007fff245ad000 	/System/Library/Frameworks/CFNetwork.framework/Versions/A/CFNetwork
0x00007fff2a7d4000 	/usr/lib/libarchive.2.dylib
0x00007fff20e25000 	/usr/lib/libCRFSuite.dylib
0x00007fff29e62000 	/usr/lib/libbsm.0.dylib
0x00007fff23f69000 	/usr/lib/libnetwork.dylib
0x00007fff2a699000 	/usr/lib/libpcap.A.dylib
0x00007fff261de000 	/usr/lib/libdns_services.dylib
0x00007fff2ad3c000 	/usr/lib/libcoretls_cfhelpers.dylib
0x00007fff2a8d8000 	/usr/lib/libapple_nghttp2.dylib
0x00007fff2a62c000 	/usr/lib/system/libkxld.dylib
0x00007fff25e4c000 	/usr/lib/libsqlite3.dylib
0x00007fff2a3a0000 	/System/Library/PrivateFrameworks/AppleFSCompression.framework/Versions/A/AppleFSCompression
0x00007fff29e4a000 	/usr/lib/libcoretls.dylib
0x00007fff2a905000 	/usr/lib/libpam.2.dylib
0x00007fff2ae39000 	/usr/lib/libxar.1.dylib
0x00007fff29233000 	/System/Library/PrivateFrameworks/AppleSystemInfo.framework/Versions/A/AppleSystemInfo
0x00007fff29a8d000 	/System/Library/PrivateFrameworks/IOMobileFramebuffer.framework/Versions/A/IOMobileFramebuffer
0x00007fff2a3b0000 	/usr/lib/libbz2.1.0.dylib
0x00007fff2a6d1000 	/usr/lib/libiconv.2.dylib
0x00007fff2a625000 	/usr/lib/libcharset.1.dylib
0x00007fff27389000 	/System/Library/Frameworks/CoreServices.framework/Versions/A/Frameworks/FSEvents.framework/Versions/A/FSEvents
0x00007fff226de000 	/System/Library/Frameworks/CoreServices.framework/Versions/A/Frameworks/CarbonCore.framework/Versions/A/CarbonCore
0x00007fff263e7000 	/System/Library/Frameworks/CoreServices.framework/Versions/A/Frameworks/Metadata.framework/Versions/A/Metadata
0x00007fff2a3c3000 	/System/Library/Frameworks/CoreServices.framework/Versions/A/Frameworks/OSServices.framework/Versions/A/OSServices
0x00007fff2a846000 	/System/Library/Frameworks/CoreServices.framework/Versions/A/Frameworks/SearchKit.framework/Versions/A/SearchKit
0x00007fff26168000 	/System/Library/Frameworks/CoreServices.framework/Versions/A/Frameworks/AE.framework/Versions/A/AE
0x00007fff2084d000 	/System/Library/Frameworks/CoreServices.framework/Versions/A/Frameworks/LaunchServices.framework/Versions/A/LaunchServices
0x00007fff2acd4000 	/System/Library/Frameworks/CoreServices.framework/Versions/A/Frameworks/DictionaryServices.framework/Versions/A/DictionaryServices
0x00007fff27392000 	/System/Library/Frameworks/CoreServices.framework/Versions/A/Frameworks/SharedFileList.framework/Versions/A/SharedFileList
0x00007fff29e3e000 	/usr/lib/libCheckFix.dylib
0x00007fff24ace000 	/System/Library/PrivateFrameworks/TCC.framework/Versions/A/TCC
0x00007fff29239000 	/System/Library/PrivateFrameworks/CoreNLP.framework/Versions/A/CoreNLP
0x00007fff2639a000 	/System/Library/PrivateFrameworks/MetadataUtilities.framework/Versions/A/MetadataUtilities
0x00007fff20e5b000 	/usr/lib/libmecabra.dylib
0x00007fff2a152000 	/System/Library/Frameworks/MLCompute.framework/Versions/A/MLCompute
0x00007fff29e73000 	/usr/lib/libmecab.dylib
0x00007fff29ebd000 	/usr/lib/libgermantok.dylib
0x00007fff2a8ae000 	/usr/lib/libThaiTokenizer.dylib
0x00007fff2ae74000 	/usr/lib/libChineseTokenizer.dylib
0x00007fff2a903000 	/System/Library/Frameworks/MetalPerformanceShaders.framework/Versions/A/MetalPerformanceShaders
0x00007fff26489000 	/System/Library/Frameworks/Accelerate.framework/Versions/A/Frameworks/vImage.framework/Versions/A/vImage
0x00007fff301b6000 	/System/Library/Frameworks/Accelerate.framework/Versions/A/Frameworks/vecLib.framework/Versions/A/vecLib
0x00007fff2ae7f000 	/System/Library/Frameworks/Accelerate.framework/Versions/A/Frameworks/vecLib.framework/Versions/A/libvMisc.dylib
0x00007fff298e9000 	/System/Library/Frameworks/Accelerate.framework/Versions/A/Frameworks/vecLib.framework/Versions/A/libvDSP.dylib
0x00007fff20b51000 	/System/Library/Frameworks/Accelerate.framework/Versions/A/Frameworks/vecLib.framework/Versions/A/libBLAS.dylib
0x00007fff2a929000 	/System/Library/Frameworks/Accelerate.framework/Versions/A/Frameworks/vecLib.framework/Versions/A/libLAPACK.dylib
0x00007fff29ec3000 	/System/Library/Frameworks/Accelerate.framework/Versions/A/Frameworks/vecLib.framework/Versions/A/libLinearAlgebra.dylib
0x00007fff2a8f0000 	/System/Library/Frameworks/Accelerate.framework/Versions/A/Frameworks/vecLib.framework/Versions/A/libSparseBLAS.dylib
0x00007fff2a923000 	/System/Library/Frameworks/Accelerate.framework/Versions/A/Frameworks/vecLib.framework/Versions/A/libQuadrature.dylib
0x00007fff292e1000 	/System/Library/Frameworks/Accelerate.framework/Versions/A/Frameworks/vecLib.framework/Versions/A/libBNNS.dylib
0x00007fff20d38000 	/System/Library/Frameworks/Accelerate.framework/Versions/A/Frameworks/vecLib.framework/Versions/A/libSparse.dylib
0x00007fff291cc000 	/System/Library/Frameworks/MetalPerformanceShaders.framework/Versions/A/Frameworks/MPSCore.framework/Versions/A/MPSCore
0x00007fff2a30f000 	/System/Library/Frameworks/MetalPerformanceShaders.framework/Versions/A/Frameworks/MPSImage.framework/Versions/A/MPSImage
0x00007fff29eda000 	/System/Library/Frameworks/MetalPerformanceShaders.framework/Versions/A/Frameworks/MPSNeuralNetwork.framework/Versions/A/MPSNeuralNetwork
0x00007fff2a29a000 	/System/Library/Frameworks/MetalPerformanceShaders.framework/Versions/A/Frameworks/MPSMatrix.framework/Versions/A/MPSMatrix
0x00007fff2a102000 	/System/Library/Frameworks/MetalPerformanceShaders.framework/Versions/A/Frameworks/MPSRayIntersector.framework/Versions/A/MPSRayIntersector
0x00007fff2a2d1000 	/System/Library/Frameworks/MetalPerformanceShaders.framework/Versions/A/Frameworks/MPSNDArray.framework/Versions/A/MPSNDArray
0x00007fff20a7d000 	/System/Library/PrivateFrameworks/MetalTools.framework/Versions/A/MetalTools
0x00007fff29231000 	/System/Library/PrivateFrameworks/AggregateDictionary.framework/Versions/A/AggregateDictionary
0x00007fff26372000 	/System/Library/PrivateFrameworks/CoreAnalytics.framework/Versions/A/CoreAnalytics
0x00007fff2a8b0000 	/System/Library/PrivateFrameworks/AppleSauce.framework/Versions/A/AppleSauce
0x00007fff2853a000 	/System/Library/PrivateFrameworks/IOAccelerator.framework/Versions/A/IOAccelerator
0x00007fff6cb47000 	/System/Library/Frameworks/OpenGL.framework/Versions/A/Libraries/libCoreFSCache.dylib
0x00007fff213f7000 	/System/Library/PrivateFrameworks/LanguageModeling.framework/Versions/A/LanguageModeling
0x00007fff29a7a000 	/System/Library/PrivateFrameworks/CoreEmoji.framework/Versions/A/CoreEmoji
0x00007fff292da000 	/System/Library/PrivateFrameworks/LinguisticData.framework/Versions/A/LinguisticData
0x00007fff20cea000 	/System/Library/PrivateFrameworks/Lexicon.framework/Versions/A/Lexicon
0x00007fff2a7c2000 	/usr/lib/libcmph.dylib
0x00007fff27369000 	/System/Library/Frameworks/OpenDirectory.framework/Versions/A/Frameworks/CFOpenDirectory.framework/Versions/A/CFOpenDirectory
0x00007fff27359000 	/System/Library/Frameworks/OpenDirectory.framework/Versions/A/OpenDirectory
0x00007fff2ad3e000 	/System/Library/PrivateFrameworks/APFS.framework/Versions/A/APFS
0x00007fff29d9f000 	/System/Library/Frameworks/SecurityFoundation.framework/Versions/A/SecurityFoundation
0x00007fff2ae47000 	/usr/lib/libutil.dylib
0x00007fff22a05000 	/System/Library/PrivateFrameworks/CoreServicesStore.framework/Versions/A/CoreServicesStore
0x00007fff29e36000 	/System/Library/Frameworks/ServiceManagement.framework/Versions/A/ServiceManagement
0x00007fff2ae4b000 	/usr/lib/libxslt.1.dylib
0x00007fff29e2c000 	/System/Library/PrivateFrameworks/BackgroundTaskManagement.framework/Versions/A/BackgroundTaskManagement
0x00007fff2bf8f000 	/System/Library/Frameworks/ImageIO.framework/Versions/A/Resources/libRadiance.dylib
0x00007fff2bf98000 	/System/Library/Frameworks/ImageIO.framework/Versions/A/Resources/libJPEG.dylib
0x00007fff2bee4000 	/System/Library/Frameworks/ImageIO.framework/Versions/A/Resources/libPng.dylib
0x00007fff2bf0b000 	/System/Library/Frameworks/ImageIO.framework/Versions/A/Resources/libTIFF.dylib
0x00007fff2bfed000 	/System/Library/Frameworks/ImageIO.framework/Versions/A/Resources/libGIF.dylib
0x00007fff2bc48000 	/System/Library/Frameworks/ImageIO.framework/Versions/A/Resources/libJP2.dylib
0x00007fff2b332000 	/usr/lib/libexpat.1.dylib
0x00007fff2bbfd000 	/System/Library/PrivateFrameworks/AppleJPEG.framework/Versions/A/AppleJPEG
0x00007fff28770000 	/System/Library/PrivateFrameworks/FontServices.framework/libFontParser.dylib
0x00007fff2611c000 	/System/Library/PrivateFrameworks/RunningBoardServices.framework/Versions/A/RunningBoardServices
0x00007fff2bd26000 	/System/Library/PrivateFrameworks/WatchdogClient.framework/Versions/A/WatchdogClient
0x00007fff214e4000 	/System/Library/Frameworks/CoreDisplay.framework/Versions/A/CoreDisplay
0x00007fff28686000 	/System/Library/Frameworks/CoreMedia.framework/Versions/A/CoreMedia
0x00007fff274e6000 	/System/Library/Frameworks/CoreVideo.framework/Versions/A/CoreVideo
0x00007fff2bd5e000 	/System/Library/Frameworks/VideoToolbox.framework/Versions/A/VideoToolbox
0x00007fff2609a000 	/System/Library/PrivateFrameworks/BaseBoard.framework/Versions/A/BaseBoard
0x00007fff2b477000 	/System/Library/PrivateFrameworks/PersistentConnection.framework/Versions/A/PersistentConnection
0x00007fff25e35000 	/System/Library/PrivateFrameworks/ProtocolBuffer.framework/Versions/A/ProtocolBuffer
0x00007fff26081000 	/System/Library/PrivateFrameworks/CommonUtilities.framework/Versions/A/CommonUtilities
0x00007fff2bb92000 	/System/Library/PrivateFrameworks/Bom.framework/Versions/A/Bom
0x00007fff2bf88000 	/System/Library/PrivateFrameworks/GPUWrangler.framework/Versions/A/GPUWrangler
0x00007fff2bf6b000 	/System/Library/PrivateFrameworks/IOPresentment.framework/Versions/A/IOPresentment
0x00007fff2bf92000 	/System/Library/PrivateFrameworks/DSExternalDisplay.framework/Versions/A/DSExternalDisplay
0x00007fff2bff2000 	/System/Library/PrivateFrameworks/CMCaptureCore.framework/Versions/A/CMCaptureCore
0x00007fff2b917000 	/System/Library/PrivateFrameworks/AppServerSupport.framework/Versions/A/AppServerSupport
0x00007fff2d9c6000 	/System/Library/PrivateFrameworks/perfdata.framework/Versions/A/perfdata
0x00007fff29d8e000 	/System/Library/PrivateFrameworks/AssertionServices.framework/Versions/A/AssertionServices
0x00007fff2161b000 	/System/Library/PrivateFrameworks/AudioToolboxCore.framework/Versions/A/AudioToolboxCore
0x00007fff28669000 	/System/Library/PrivateFrameworks/caulk.framework/Versions/A/caulk
0x00007fff3d671000 	/System/Library/PrivateFrameworks/SystemPolicy.framework/Versions/A/SystemPolicy
0x00007fff2b127000 	/usr/lib/libIOReport.dylib
0x00007fff2d1e8000 	/usr/lib/libSMC.dylib
0x00007fff2beb1000 	/usr/lib/libAudioToolboxUtility.dylib
0x00007fff3dfdb000 	/usr/lib/libmis.dylib
0x00007fff6cba3000 	/System/Library/Frameworks/OpenGL.framework/Versions/A/Libraries/libGLU.dylib
0x00007fff6cb66000 	/System/Library/Frameworks/OpenGL.framework/Versions/A/Libraries/libGFXShared.dylib
0x00007fff6cd75000 	/System/Library/Frameworks/OpenGL.framework/Versions/A/Libraries/libGL.dylib
0x00007fff6cb6f000 	/System/Library/Frameworks/OpenGL.framework/Versions/A/Libraries/libGLImage.dylib
0x00007fff6cb63000 	/System/Library/Frameworks/OpenGL.framework/Versions/A/Libraries/libCVMSPluginSupport.dylib
0x00007fff6cb4e000 	/System/Library/Frameworks/OpenGL.framework/Versions/A/Libraries/libCoreVMClient.dylib
0x00007fff6e1b6000 	/System/Library/Frameworks/OpenCL.framework/Versions/A/OpenCL
0x00007fff2b4a1000 	/System/Library/PrivateFrameworks/GraphVisualizer.framework/Versions/A/GraphVisualizer
0x00007fff2b4b0000 	/System/Library/PrivateFrameworks/FaceCore.framework/Versions/A/FaceCore
0x00007fff2b8cc000 	/System/Library/PrivateFrameworks/OTSVG.framework/Versions/A/OTSVG
0x00007fff270dd000 	/System/Library/Frameworks/ApplicationServices.framework/Versions/A/Frameworks/ATS.framework/Versions/A/Resources/libFontRegistry.dylib
0x00007fff2b91e000 	/System/Library/PrivateFrameworks/FontServices.framework/libhvf.dylib
0x00007fff2b2de000 	/System/Library/PrivateFrameworks/AppleVA.framework/Versions/A/AppleVA
0x00007fff2d031000 	/System/Library/Frameworks/ApplicationServices.framework/Versions/A/Frameworks/ATS.framework/Versions/A/ATS
0x00007fff2d343000 	/System/Library/Frameworks/ApplicationServices.framework/Versions/A/Frameworks/ColorSyncLegacy.framework/Versions/A/ColorSyncLegacy
0x00007fff255fe000 	/System/Library/Frameworks/ApplicationServices.framework/Versions/A/Frameworks/HIServices.framework/Versions/A/HIServices
0x00007fff2d328000 	/System/Library/Frameworks/ApplicationServices.framework/Versions/A/Frameworks/LangAnalysis.framework/Versions/A/LangAnalysis
0x00007fff2bffc000 	/System/Library/Frameworks/ApplicationServices.framework/Versions/A/Frameworks/PrintCore.framework/Versions/A/PrintCore
0x00007fff2d34b000 	/System/Library/Frameworks/ApplicationServices.framework/Versions/A/Frameworks/QD.framework/Versions/A/QD
0x00007fff2d021000 	/System/Library/Frameworks/ApplicationServices.framework/Versions/A/Frameworks/SpeechSynthesis.framework/Versions/A/SpeechSynthesis
0x00007fff2bfbd000 	/System/Library/Frameworks/ApplicationServices.framework/Versions/A/Frameworks/ATSUI.framework/Versions/A/ATSUI
0x00007fff2d2c8000 	/usr/lib/libcups.2.dylib
0x00007fff2d338000 	/System/Library/PrivateFrameworks/NetAuth.framework/Versions/A/NetAuth
0x00007fff2d9e2000 	/System/Library/Frameworks/Kerberos.framework/Versions/A/Kerberos
0x00007fff2d9f2000 	/System/Library/Frameworks/GSS.framework/Versions/A/GSS
0x00007fff2d09d000 	/usr/lib/libresolv.9.dylib
0x00007fff2b933000 	/System/Library/PrivateFrameworks/Heimdal.framework/Versions/A/Heimdal
0x00007fff33776000 	/System/Library/Frameworks/Kerberos.framework/Versions/A/Libraries/libHeimdalProxy.dylib
0x00007fff261ed000 	/System/Library/Frameworks/Network.framework/Versions/A/Network
0x00007fff2b34c000 	/usr/lib/libheimdal-asn1.dylib
0x00007fff2da42000 	/System/Library/PrivateFrameworks/CommonAuth.framework/Versions/A/CommonAuth
0x00007fff27533000 	/System/Library/PrivateFrameworks/login.framework/Versions/A/Frameworks/loginsupport.framework/Versions/A/loginsupport
0x00007fff2cfa6000 	/System/Library/PrivateFrameworks/AudioSession.framework/Versions/A/AudioSession
0x00007fff2d00e000 	/usr/lib/libAudioStatistics.dylib
0x00007fff2b3d9000 	/System/Library/PrivateFrameworks/MediaExperience.framework/Versions/A/MediaExperience
0x00007fff2ce43000 	/System/Library/PrivateFrameworks/AudioSession.framework/libSessionUtility.dylib
0x00007fff2d9d3000 	/usr/lib/libperfcheck.dylib
0x00007fff2d357000 	/System/Library/PrivateFrameworks/AudioResourceArbitration.framework/Versions/A/AudioResourceArbitration
0x00007fff2b356000 	/System/Library/PrivateFrameworks/IconFoundation.framework/Versions/A/IconFoundation
0x00007fff2fe80000 	/System/Library/PrivateFrameworks/SpeechRecognitionCore.framework/Versions/A/SpeechRecognitionCore
0x000000010d000000 	/Users/chiew256/Library/Java/JavaVirtualMachines/openjdk-15.0.2/Contents/Home/lib/server/libjvm.dylib
0x00000001088db000 	/Users/chiew256/Library/Java/JavaVirtualMachines/openjdk-15.0.2/Contents/Home/lib/libjimage.dylib
0x000000010893d000 	/Users/chiew256/Library/Java/JavaVirtualMachines/openjdk-15.0.2/Contents/Home/lib/libjava.dylib
0x0000000108d39000 	/Users/chiew256/Library/Java/JavaVirtualMachines/openjdk-15.0.2/Contents/Home/lib/libnio.dylib
0x0000000108d67000 	/Users/chiew256/Library/Java/JavaVirtualMachines/openjdk-15.0.2/Contents/Home/lib/libnet.dylib


VM Arguments:
jvm_args: -Dfile.encoding=UTF-8 --module-path=/Users/chiew256/NetBeansProjects/WIX1002Lab/build/classes 
java_command: Lab4.Q1
java_class_path (initial): /Users/chiew256/NetBeansProjects/WIX1002Lab/build/classes
Launcher Type: SUN_STANDARD

[Global flags]
     intx CICompilerCount                          = 4                                         {product} {ergonomic}
     uint ConcGCThreads                            = 2                                         {product} {ergonomic}
     uint G1ConcRefinementThreads                  = 8                                         {product} {ergonomic}
   size_t G1HeapRegionSize                         = 2097152                                   {product} {ergonomic}
    uintx GCDrainStackTargetSize                   = 64                                        {product} {ergonomic}
   size_t InitialHeapSize                          = 268435456                                 {product} {ergonomic}
   size_t MarkStackSize                            = 4194304                                   {product} {ergonomic}
   size_t MaxHeapSize                              = 4294967296                                {product} {ergonomic}
   size_t MaxNewSize                               = 2575302656                                {product} {ergonomic}
   size_t MinHeapDeltaBytes                        = 2097152                                   {product} {ergonomic}
   size_t MinHeapSize                              = 8388608                                   {product} {ergonomic}
    uintx NonNMethodCodeHeapSize                   = 5839372                                {pd product} {ergonomic}
    uintx NonProfiledCodeHeapSize                  = 122909434                              {pd product} {ergonomic}
    uintx ProfiledCodeHeapSize                     = 122909434                              {pd product} {ergonomic}
    uintx ReservedCodeCacheSize                    = 251658240                              {pd product} {ergonomic}
     bool SegmentedCodeCache                       = true                                      {product} {ergonomic}
   size_t SoftMaxHeapSize                          = 4294967296                             {manageable} {ergonomic}
     bool UseCompressedClassPointers               = true                                 {lp64_product} {ergonomic}
     bool UseCompressedOops                        = true                                 {lp64_product} {ergonomic}
     bool UseG1GC                                  = true                                      {product} {ergonomic}
     bool UseNUMA                                  = false                                     {product} {ergonomic}
     bool UseNUMAInterleaving                      = false                                     {product} {ergonomic}

Logging:
Log output configuration:
 #0: stdout all=warning uptime,level,tags
 #1: stderr all=off uptime,level,tags

Environment Variables:
PATH=/usr/bin:/bin:/usr/sbin:/sbin
SHELL=/bin/zsh
LC_CTYPE=UTF-8

Signal Handlers:
SIGSEGV: [libjvm.dylib+0xa01020], sa_mask[0]=11111111111111111111111111111111, sa_flags=SA_ONSTACK|SA_RESTART|SA_SIGINFO
SIGBUS: [libjvm.dylib+0xa01020], sa_mask[0]=11111111111111111111111111111111, sa_flags=SA_RESTART|SA_SIGINFO
SIGFPE: [libjvm.dylib+0xa01020], sa_mask[0]=11111111111111111111111111111111, sa_flags=SA_RESTART|SA_SIGINFO
SIGPIPE: [libjvm.dylib+0x82c500], sa_mask[0]=11111111111111111111111111111111, sa_flags=SA_RESTART|SA_SIGINFO
SIGXFSZ: [libjvm.dylib+0x82c500], sa_mask[0]=11111111111111111111111111111111, sa_flags=SA_RESTART|SA_SIGINFO
SIGILL: [libjvm.dylib+0xa01020], sa_mask[0]=11111111111111111111111111111111, sa_flags=SA_RESTART|SA_SIGINFO
SIGUSR2: [libjvm.dylib+0x82d010], sa_mask[0]=00100000000000000000000000000000, sa_flags=SA_RESTART|SA_SIGINFO
SIGHUP: [libjvm.dylib+0x82b710], sa_mask[0]=11111111111111111111111111111111, sa_flags=SA_RESTART|SA_SIGINFO
SIGINT: SIG_IGN, sa_mask[0]=00000000000000000000000000000000, sa_flags=none
SIGTERM: [libjvm.dylib+0x82b710], sa_mask[0]=11111111111111111111111111111111, sa_flags=SA_RESTART|SA_SIGINFO
SIGQUIT: [libjvm.dylib+0x82b710], sa_mask[0]=11111111111111111111111111111111, sa_flags=SA_RESTART|SA_SIGINFO


---------------  S Y S T E M  ---------------

OS:uname: Darwin 20.3.0 Darwin Kernel Version 20.3.0: Thu Jan 21 00:06:51 PST 2021; root:xnu-7195.81.3~1/RELEASE_ARM64_T8101 x86_64
OS uptime: 2 days 11:10 hours
rlimit (soft/hard): STACK 8176k/65520k , CORE 0k/infinity , NPROC 2666/4000 , NOFILE 10240/infinity , AS infinity/infinity , CPU infinity/infinity , DATA infinity/infinity , FSIZE infinity/infinity , MEMLOCK infinity/infinity , RSS infinity/infinity
load average: 1.79 1.97 2.15

CPU: total 8 (initial active 8) (1 cores per cpu, 1 threads per core) family 6 model 44 stepping 0 microcode 0x0, cmov, cx8, fxsr, mmx, sse, sse2, sse3, ssse3, sse4.1, sse4.2, popcnt, aes, clmul, tsc, tscinvbit, tscinv, clflush

Memory: 4k page, physical 16777216k(422036k free), swap 2097152k(1587200k free)

vm_info: OpenJDK 64-Bit Server VM (15.0.2+7-27) for bsd-amd64 JRE (15.0.2+7-27), built on Dec  7 2020 20:01:12 by "mach5one" with clang 4.2.1 Compatible Apple LLVM 10.0.0 (clang-1000.11.45.5)

END.
